2015-11-10 15:26:56 10fc InnoDB: Warning: Using innodb_additional_mem_pool_size is DEPRECATED. This option may be removed in future releases, together with the option innodb_use_sys_malloc and with the InnoDB's internal memory allocator.
2015-11-10 15:26:56 4348 [Note] InnoDB: Using mutexes to ref count buffer pool pages
2015-11-10 15:26:56 4348 [Note] InnoDB: The InnoDB memory heap is disabled
2015-11-10 15:26:56 4348 [Note] InnoDB: Mutexes and rw_locks use Windows interlocked functions
2015-11-10 15:26:56 4348 [Note] InnoDB: Memory barrier is not used
2015-11-10 15:26:56 4348 [Note] InnoDB: Compressed tables use zlib 1.2.3
2015-11-10 15:26:56 4348 [Note] InnoDB: Not using CPU crc32 instructions
2015-11-10 15:26:56 4348 [Note] InnoDB: Initializing buffer pool, size = 16.0M
2015-11-10 15:26:56 4348 [Note] InnoDB: Completed initialization of buffer pool
2015-11-10 15:26:56 4348 [Note] InnoDB: Highest supported file format is Barracuda.
2015-11-10 15:26:57 4348 [Note] InnoDB: 128 rollback segment(s) are active.
2015-11-10 15:26:57 4348 [Note] InnoDB: Waiting for purge to start
2015-11-10 15:26:57 4348 [Note] InnoDB:  Percona XtraDB (http://www.percona.com) 5.6.26-74.0 started; log sequence number 1835027
2015-11-10 15:26:57 6140 [Note] InnoDB: Dumping buffer pool(s) not yet started
2015-11-10 15:26:57 4348 [Note] Plugin 'FEEDBACK' is disabled.
2015-11-10 15:26:57 4348 [Note] Server socket created on IP: '::'.
2015-11-10 15:26:57 4348 [Note] Event Scheduler: Loaded 0 events
2015-11-10 15:26:57 4348 [Note] C:\xampp\mysql\bin\mysqld.exe: ready for connections.
Version: '10.1.8-MariaDB'  socket: ''  port: 3306  mariadb.org binary distribution
2015-11-10 15:27:11 5152 [Note] C:\xampp\mysql\bin\mysqld.exe: Normal shutdown

2015-11-10 15:27:11 5152 [Note] Event Scheduler: Purging the queue. 0 events
2015-11-10 15:27:11 5732 [Note] InnoDB: FTS optimize thread exiting.
2015-11-10 15:27:11 5152 [Note] InnoDB: Starting shutdown...
2015-11-10 15:27:13 5152 [Note] InnoDB: Shutdown completed; log sequence number 1835037
2015-11-10 15:27:13 5152 [Note] C:\xampp\mysql\bin\mysqld.exe: Shutdown complete

2017-03-04 14:34:16 3284 InnoDB: Warning: Using innodb_additional_mem_pool_size is DEPRECATED. This option may be removed in future releases, together with the option innodb_use_sys_malloc and with the InnoDB's internal memory allocator.
2017-03-04 14:34:16 12932 [Note] InnoDB: innodb_empty_free_list_algorithm has been changed to legacy because of small buffer pool size. In order to use backoff, increase buffer pool at least up to 20MB.

2017-03-04 14:34:16 12932 [Note] InnoDB: Using mutexes to ref count buffer pool pages
2017-03-04 14:34:16 12932 [Note] InnoDB: The InnoDB memory heap is disabled
2017-03-04 14:34:16 12932 [Note] InnoDB: Mutexes and rw_locks use Windows interlocked functions
2017-03-04 14:34:16 12932 [Note] InnoDB: _mm_lfence() and _mm_sfence() are used for memory barrier
2017-03-04 14:34:16 12932 [Note] InnoDB: Compressed tables use zlib 1.2.3
2017-03-04 14:34:16 12932 [Note] InnoDB: Using generic crc32 instructions
2017-03-04 14:34:16 12932 [Note] InnoDB: Initializing buffer pool, size = 16.0M
2017-03-04 14:34:16 12932 [Note] InnoDB: Completed initialization of buffer pool
2017-03-04 14:34:16 12932 [Note] InnoDB: Highest supported file format is Barracuda.
2017-03-04 14:34:16 12932 [Note] InnoDB: 128 rollback segment(s) are active.
2017-03-04 14:34:16 12932 [Note] InnoDB: Waiting for purge to start
2017-03-04 14:34:16 12932 [Note] InnoDB:  Percona XtraDB (http://www.percona.com) 5.6.34-79.1 started; log sequence number 1835037
2017-03-04 14:34:16 4388 [Note] InnoDB: Dumping buffer pool(s) not yet started
2017-03-04 14:34:16 12932 [Note] Plugin 'FEEDBACK' is disabled.
2017-03-04 14:34:16 12932 [Note] Server socket created on IP: '::'.
2017-03-04 14:34:17 12932 [Note] c:\xampp\mysql\bin\mysqld.exe: ready for connections.
Version: '10.1.21-MariaDB'  socket: ''  port: 3306  mariadb.org binary distribution
2017-03-04 14:34:31 1f1c InnoDB: Warning: Using innodb_additional_mem_pool_size is DEPRECATED. This option may be removed in future releases, together with the option innodb_use_sys_malloc and with the InnoDB's internal memory allocator.
2017-03-04 14:34:31 7964 [Note] InnoDB: innodb_empty_free_list_algorithm has been changed to legacy because of small buffer pool size. In order to use backoff, increase buffer pool at least up to 20MB.

2017-03-04 14:34:31 7964 [Note] InnoDB: Using mutexes to ref count buffer pool pages
2017-03-04 14:34:31 7964 [Note] InnoDB: The InnoDB memory heap is disabled
2017-03-04 14:34:31 7964 [Note] InnoDB: Mutexes and rw_locks use Windows interlocked functions
2017-03-04 14:34:31 7964 [Note] InnoDB: _mm_lfence() and _mm_sfence() are used for memory barrier
2017-03-04 14:34:31 7964 [Note] InnoDB: Compressed tables use zlib 1.2.3
2017-03-04 14:34:31 7964 [Note] InnoDB: Using generic crc32 instructions
2017-03-04 14:34:31 7964 [Note] InnoDB: Initializing buffer pool, size = 16.0M
2017-03-04 14:34:31 7964 [Note] InnoDB: Completed initialization of buffer pool
2017-03-04 14:34:31 7964 [Note] InnoDB: Highest supported file format is Barracuda.
2017-03-04 14:34:31 7964 [Note] InnoDB: The log sequence numbers 1835037 and 1835037 in ibdata files do not match the log sequence number 1835047 in the ib_logfiles!
2017-03-04 14:34:31 7964 [Note] InnoDB: Database was not shutdown normally!
2017-03-04 14:34:31 7964 [Note] InnoDB: Starting crash recovery.
2017-03-04 14:34:31 7964 [Note] InnoDB: Reading tablespace information from the .ibd files...
2017-03-04 14:34:31 7964 [Note] InnoDB: Restoring possible half-written data pages 
2017-03-04 14:34:31 7964 [Note] InnoDB: from the doublewrite buffer...
2017-03-04 14:34:31 7964 [Note] InnoDB: 128 rollback segment(s) are active.
2017-03-04 14:34:31 7964 [Note] InnoDB: Waiting for purge to start
2017-03-04 14:34:31 7964 [Note] InnoDB:  Percona XtraDB (http://www.percona.com) 5.6.34-79.1 started; log sequence number 1835047
2017-03-04 14:34:31 6200 [Note] InnoDB: Dumping buffer pool(s) not yet started
2017-03-04 14:34:31 7964 [Note] Plugin 'FEEDBACK' is disabled.
2017-03-04 14:34:31 7964 [Note] Server socket created on IP: '::'.
2017-03-04 14:34:31 7964 [Note] c:\xampp\mysql\bin\mysqld.exe: ready for connections.
Version: '10.1.21-MariaDB'  socket: ''  port: 3306  mariadb.org binary distribution
2017-03-04 14:36:40 29e0 InnoDB: Warning: Using innodb_additional_mem_pool_size is DEPRECATED. This option may be removed in future releases, together with the option innodb_use_sys_malloc and with the InnoDB's internal memory allocator.
2017-03-04 14:36:40 10720 [Note] InnoDB: innodb_empty_free_list_algorithm has been changed to legacy because of small buffer pool size. In order to use backoff, increase buffer pool at least up to 20MB.

2017-03-04 14:36:40 10720 [Note] InnoDB: Using mutexes to ref count buffer pool pages
2017-03-04 14:36:40 10720 [Note] InnoDB: The InnoDB memory heap is disabled
2017-03-04 14:36:40 10720 [Note] InnoDB: Mutexes and rw_locks use Windows interlocked functions
2017-03-04 14:36:40 10720 [Note] InnoDB: _mm_lfence() and _mm_sfence() are used for memory barrier
2017-03-04 14:36:40 10720 [Note] InnoDB: Compressed tables use zlib 1.2.3
2017-03-04 14:36:40 10720 [Note] InnoDB: Using generic crc32 instructions
2017-03-04 14:36:40 10720 [Note] InnoDB: Initializing buffer pool, size = 16.0M
2017-03-04 14:36:40 10720 [Note] InnoDB: Completed initialization of buffer pool
2017-03-04 14:36:40 10720 [Note] InnoDB: Highest supported file format is Barracuda.
2017-03-04 14:36:40 10720 [Note] InnoDB: The log sequence numbers 1835037 and 1835037 in ibdata files do not match the log sequence number 1835057 in the ib_logfiles!
2017-03-04 14:36:40 10720 [Note] InnoDB: Database was not shutdown normally!
2017-03-04 14:36:40 10720 [Note] InnoDB: Starting crash recovery.
2017-03-04 14:36:40 10720 [Note] InnoDB: Reading tablespace information from the .ibd files...
2017-03-04 14:36:40 10720 [Note] InnoDB: Restoring possible half-written data pages 
2017-03-04 14:36:40 10720 [Note] InnoDB: from the doublewrite buffer...
2017-03-04 14:36:40 10720 [Note] InnoDB: 128 rollback segment(s) are active.
2017-03-04 14:36:40 10720 [Note] InnoDB: Waiting for purge to start
2017-03-04 14:36:40 10720 [Note] InnoDB:  Percona XtraDB (http://www.percona.com) 5.6.34-79.1 started; log sequence number 1835057
2017-03-04 14:36:40 976 [Note] InnoDB: Dumping buffer pool(s) not yet started
2017-03-04 14:36:40 10720 [Note] Plugin 'FEEDBACK' is disabled.
2017-03-04 14:36:40 10720 [Note] Server socket created on IP: '::'.
2017-03-04 14:36:40 10720 [Note] c:\xampp\mysql\bin\mysqld.exe: ready for connections.
Version: '10.1.21-MariaDB'  socket: ''  port: 3306  mariadb.org binary distribution
2017-03-04 14:53:23 2e58 InnoDB: Warning: Using innodb_additional_mem_pool_size is DEPRECATED. This option may be removed in future releases, together with the option innodb_use_sys_malloc and with the InnoDB's internal memory allocator.
2017-03-04 14:53:23 11864 [Note] InnoDB: innodb_empty_free_list_algorithm has been changed to legacy because of small buffer pool size. In order to use backoff, increase buffer pool at least up to 20MB.

2017-03-04 14:53:23 11864 [Note] InnoDB: Using mutexes to ref count buffer pool pages
2017-03-04 14:53:23 11864 [Note] InnoDB: The InnoDB memory heap is disabled
2017-03-04 14:53:23 11864 [Note] InnoDB: Mutexes and rw_locks use Windows interlocked functions
2017-03-04 14:53:23 11864 [Note] InnoDB: _mm_lfence() and _mm_sfence() are used for memory barrier
2017-03-04 14:53:23 11864 [Note] InnoDB: Compressed tables use zlib 1.2.3
2017-03-04 14:53:23 11864 [Note] InnoDB: Using generic crc32 instructions
2017-03-04 14:53:23 11864 [Note] InnoDB: Initializing buffer pool, size = 16.0M
2017-03-04 14:53:23 11864 [Note] InnoDB: Completed initialization of buffer pool
2017-03-04 14:53:23 11864 [Note] InnoDB: Highest supported file format is Barracuda.
2017-03-04 14:53:23 11864 [Note] InnoDB: The log sequence numbers 1835037 and 1835037 in ibdata files do not match the log sequence number 1835067 in the ib_logfiles!
2017-03-04 14:53:23 11864 [Note] InnoDB: Database was not shutdown normally!
2017-03-04 14:53:23 11864 [Note] InnoDB: Starting crash recovery.
2017-03-04 14:53:23 11864 [Note] InnoDB: Reading tablespace information from the .ibd files...
2017-03-04 14:53:23 11864 [Note] InnoDB: Restoring possible half-written data pages 
2017-03-04 14:53:23 11864 [Note] InnoDB: from the doublewrite buffer...
2017-03-04 14:53:23 11864 [Note] InnoDB: 128 rollback segment(s) are active.
2017-03-04 14:53:23 11864 [Note] InnoDB: Waiting for purge to start
2017-03-04 14:53:23 11864 [Note] InnoDB:  Percona XtraDB (http://www.percona.com) 5.6.34-79.1 started; log sequence number 1835067
2017-03-04 14:53:23 6508 [Note] InnoDB: Dumping buffer pool(s) not yet started
2017-03-04 14:53:23 11864 [Note] Plugin 'FEEDBACK' is disabled.
2017-03-04 14:53:23 11864 [Note] Server socket created on IP: '::'.
2017-03-04 14:53:23 11864 [Note] c:\xampp\mysql\bin\mysqld.exe: ready for connections.
Version: '10.1.21-MariaDB'  socket: ''  port: 3306  mariadb.org binary distribution
2017-03-04 15:53:50 3290 InnoDB: Warning: Using innodb_additional_mem_pool_size is DEPRECATED. This option may be removed in future releases, together with the option innodb_use_sys_malloc and with the InnoDB's internal memory allocator.
2017-03-04 15:53:50 12944 [Note] InnoDB: innodb_empty_free_list_algorithm has been changed to legacy because of small buffer pool size. In order to use backoff, increase buffer pool at least up to 20MB.

2017-03-04 15:53:50 12944 [Note] InnoDB: Using mutexes to ref count buffer pool pages
2017-03-04 15:53:50 12944 [Note] InnoDB: The InnoDB memory heap is disabled
2017-03-04 15:53:50 12944 [Note] InnoDB: Mutexes and rw_locks use Windows interlocked functions
2017-03-04 15:53:50 12944 [Note] InnoDB: _mm_lfence() and _mm_sfence() are used for memory barrier
2017-03-04 15:53:50 12944 [Note] InnoDB: Compressed tables use zlib 1.2.3
2017-03-04 15:53:50 12944 [Note] InnoDB: Using generic crc32 instructions
2017-03-04 15:53:50 12944 [Note] InnoDB: Initializing buffer pool, size = 16.0M
2017-03-04 15:53:50 12944 [Note] InnoDB: Completed initialization of buffer pool
2017-03-04 15:53:50 12944 [Note] InnoDB: Highest supported file format is Barracuda.
2017-03-04 15:53:50 12944 [Note] InnoDB: The log sequence numbers 1835037 and 1835037 in ibdata files do not match the log sequence number 1835077 in the ib_logfiles!
2017-03-04 15:53:50 12944 [Note] InnoDB: Database was not shutdown normally!
2017-03-04 15:53:50 12944 [Note] InnoDB: Starting crash recovery.
2017-03-04 15:53:50 12944 [Note] InnoDB: Reading tablespace information from the .ibd files...
2017-03-04 15:53:50 12944 [Note] InnoDB: Restoring possible half-written data pages 
2017-03-04 15:53:50 12944 [Note] InnoDB: from the doublewrite buffer...
2017-03-04 15:53:51 12944 [Note] InnoDB: 128 rollback segment(s) are active.
2017-03-04 15:53:51 12944 [Note] InnoDB: Waiting for purge to start
2017-03-04 15:53:51 12944 [Note] InnoDB:  Percona XtraDB (http://www.percona.com) 5.6.34-79.1 started; log sequence number 1835077
2017-03-04 15:53:51 10376 [Note] InnoDB: Dumping buffer pool(s) not yet started
2017-03-04 15:53:51 12944 [Note] Plugin 'FEEDBACK' is disabled.
2017-03-04 15:53:51 12944 [Note] Server socket created on IP: '::'.
2017-03-04 15:53:51 12944 [Note] c:\xampp\mysql\bin\mysqld.exe: ready for connections.
Version: '10.1.21-MariaDB'  socket: ''  port: 3306  mariadb.org binary distribution
2017-03-09 19:48:06 fc4 InnoDB: Warning: Using innodb_additional_mem_pool_size is DEPRECATED. This option may be removed in future releases, together with the option innodb_use_sys_malloc and with the InnoDB's internal memory allocator.
2017-03-09 19:48:06 4036 [Note] InnoDB: innodb_empty_free_list_algorithm has been changed to legacy because of small buffer pool size. In order to use backoff, increase buffer pool at least up to 20MB.

2017-03-09 19:48:06 4036 [Note] InnoDB: Using mutexes to ref count buffer pool pages
2017-03-09 19:48:06 4036 [Note] InnoDB: The InnoDB memory heap is disabled
2017-03-09 19:48:06 4036 [Note] InnoDB: Mutexes and rw_locks use Windows interlocked functions
2017-03-09 19:48:06 4036 [Note] InnoDB: _mm_lfence() and _mm_sfence() are used for memory barrier
2017-03-09 19:48:06 4036 [Note] InnoDB: Compressed tables use zlib 1.2.3
2017-03-09 19:48:06 4036 [Note] InnoDB: Using generic crc32 instructions
2017-03-09 19:48:06 4036 [Note] InnoDB: Initializing buffer pool, size = 16.0M
2017-03-09 19:48:06 4036 [Note] InnoDB: Completed initialization of buffer pool
2017-03-09 19:48:06 4036 [Note] InnoDB: Highest supported file format is Barracuda.
2017-03-09 19:48:06 4036 [Note] InnoDB: The log sequence numbers 1835037 and 1835037 in ibdata files do not match the log sequence number 3381144 in the ib_logfiles!
2017-03-09 19:48:06 4036 [Note] InnoDB: Database was not shutdown normally!
2017-03-09 19:48:06 4036 [Note] InnoDB: Starting crash recovery.
2017-03-09 19:48:06 4036 [Note] InnoDB: Reading tablespace information from the .ibd files...
2017-03-09 19:48:06 4036 [Note] InnoDB: Restoring possible half-written data pages 
2017-03-09 19:48:06 4036 [Note] InnoDB: from the doublewrite buffer...
2017-03-09 19:48:06 4036 [Note] InnoDB: 128 rollback segment(s) are active.
2017-03-09 19:48:06 4036 [Note] InnoDB: Waiting for purge to start
2017-03-09 19:48:06 4036 [Note] InnoDB:  Percona XtraDB (http://www.percona.com) 5.6.34-79.1 started; log sequence number 3381144
2017-03-09 19:48:06 12432 [Note] InnoDB: Dumping buffer pool(s) not yet started
2017-03-09 19:48:06 4036 [Note] Plugin 'FEEDBACK' is disabled.
2017-03-09 19:48:06 4036 [Note] Server socket created on IP: '::'.
2017-03-09 19:48:06 4036 [ERROR] mysqld.exe: Table '.\mysql\user' is marked as crashed and should be repaired
2017-03-09 19:48:06 4036 [Warning] Checking table:   '.\mysql\user'
2017-03-09 19:48:06 4036 [ERROR] mysql.user: 1 client is using or hasn't closed the table properly
2017-03-09 19:48:06 4036 [ERROR] mysqld.exe: Table '.\mysql\db' is marked as crashed and should be repaired
2017-03-09 19:48:06 4036 [Warning] Checking table:   '.\mysql\db'
2017-03-09 19:48:06 4036 [ERROR] mysql.db: 1 client is using or hasn't closed the table properly
2017-03-09 19:48:07 4036 [Note] c:\xampp\mysql\bin\mysqld.exe: ready for connections.
Version: '10.1.21-MariaDB'  socket: ''  port: 3306  mariadb.org binary distribution
2017-03-14 14:53:39 2b88 InnoDB: Warning: Using innodb_additional_mem_pool_size is DEPRECATED. This option may be removed in future releases, together with the option innodb_use_sys_malloc and with the InnoDB's internal memory allocator.
2017-03-14 14:53:39 11144 [Note] InnoDB: innodb_empty_free_list_algorithm has been changed to legacy because of small buffer pool size. In order to use backoff, increase buffer pool at least up to 20MB.

2017-03-14 14:53:39 11144 [Note] InnoDB: Using mutexes to ref count buffer pool pages
2017-03-14 14:53:39 11144 [Note] InnoDB: The InnoDB memory heap is disabled
2017-03-14 14:53:39 11144 [Note] InnoDB: Mutexes and rw_locks use Windows interlocked functions
2017-03-14 14:53:39 11144 [Note] InnoDB: _mm_lfence() and _mm_sfence() are used for memory barrier
2017-03-14 14:53:39 11144 [Note] InnoDB: Compressed tables use zlib 1.2.3
2017-03-14 14:53:39 11144 [Note] InnoDB: Using generic crc32 instructions
2017-03-14 14:53:39 11144 [Note] InnoDB: Initializing buffer pool, size = 16.0M
2017-03-14 14:53:39 11144 [Note] InnoDB: Completed initialization of buffer pool
2017-03-14 14:53:39 11144 [Note] InnoDB: Highest supported file format is Barracuda.
2017-03-14 14:53:39 11144 [Note] InnoDB: The log sequence numbers 1835037 and 1835037 in ibdata files do not match the log sequence number 4594412 in the ib_logfiles!
2017-03-14 14:53:39 11144 [Note] InnoDB: Database was not shutdown normally!
2017-03-14 14:53:39 11144 [Note] InnoDB: Starting crash recovery.
2017-03-14 14:53:39 11144 [Note] InnoDB: Reading tablespace information from the .ibd files...
2017-03-14 14:53:39 11144 [Note] InnoDB: Restoring possible half-written data pages 
2017-03-14 14:53:39 11144 [Note] InnoDB: from the doublewrite buffer...
2017-03-14 14:53:41 11144 [Note] InnoDB: 128 rollback segment(s) are active.
2017-03-14 14:53:41 11144 [Note] InnoDB: Waiting for purge to start
2017-03-14 14:53:41 11144 [Note] InnoDB:  Percona XtraDB (http://www.percona.com) 5.6.34-79.1 started; log sequence number 4594412
2017-03-14 14:53:41 11144 [Note] Plugin 'FEEDBACK' is disabled.
2017-03-14 14:53:41 11144 [Note] Server socket created on IP: '::'.
2017-03-14 14:53:41 6384 [Note] InnoDB: Dumping buffer pool(s) not yet started
2017-03-14 14:53:41 11144 [Note] c:\xampp\mysql\bin\mysqld.exe: ready for connections.
Version: '10.1.21-MariaDB'  socket: ''  port: 3306  mariadb.org binary distribution
